<?xml version="1.0" encoding="UTF-8"?>
<!-- Generated by org.testng.reporters.JUnitXMLReporter -->
<testsuite ignored="1" hostname="ashokdhai" failures="4" tests="21" name="Test" time="105.219" errors="0" timestamp="2022-08-15T12:23:16 IST">
  <testcase classname="TestNg.soft_assert" name="test" time="0.038"/>
  <testcase classname="TestNg.soft_assert" name="test_1" time="0.007">
    <failure type="java.lang.AssertionError" message="The following asserts failed:
	expected [facebook application] but found [Facebook Application]">
      <![CDATA[java.lang.AssertionError: The following asserts failed:
expected [facebook application] but found [Facebook Application]
at TestNg.soft_assert.test_1(soft_assert.java:34)
at java.base/java.util.ArrayList.forEach(ArrayList.java:1511)
... Removed 27 stack frames]]>
    </failure>
  </testcase> <!-- test_1 -->
  <testcase classname="TestNg.demo_testng" name="test_tc_001" time="0.009"/>
  <testcase classname="TestNg.demo_testng" name="test_tc_002_b" time="0.011"/>
  <testcase classname="TestNg.hardassert" name="test" time="0.008">
    <failure type="java.lang.AssertionError" message="expected [kinjal patil] but found [Kinjal Patil]">
      <![CDATA[java.lang.AssertionError: expected [kinjal patil] but found [Kinjal Patil]
at TestNg.hardassert.test(hardassert.java:19)
at java.base/java.util.ArrayList.forEach(ArrayList.java:1511)
... Removed 31 stack frames]]>
    </failure>
  </testcase> <!-- test -->
  <testcase classname="TestNg.hardassert" name="test1" time="0.005"/>
  <testcase classname="TestNg.method" name="test" time="0.003"/>
  <testcase classname="TestNg.method" name="test_1" time="0.004"/>
  <testcase classname="TestNg.method" name="test_2" time="0.004"/>
  <testcase classname="TestNg.test_method" name="test_6" time="0.007"/>
  <testcase classname="TestNg.method_browser_code" name="test" time="0.008"/>
  <testcase classname="TestNg.method_browser_code" name="test1" time="0.003"/>
  <testcase classname="TestNg.method_browser_code" name="test2" time="0.005"/>
  <testcase classname="TestNg.method_browser_code" name="test3" time="0.006"/>
  <testcase classname="TestNg.method_browser_code" name="test4" time="0.007"/>
  <testcase classname="TestNg.priority" name="A" time="0.004">
    <failure type="java.lang.AssertionError" message="expected [true] but found [false]">
      <![CDATA[java.lang.AssertionError: expected [true] but found [false]
at TestNg.priority.A(priority.java:10)
at java.base/java.util.ArrayList.forEach(ArrayList.java:1511)
... Removed 29 stack frames]]>
    </failure>
  </testcase> <!-- A -->
  <testcase classname="TestNg.priority" name="A" time="0.003">
    <failure type="java.lang.AssertionError" message="expected [true] but found [false]">
      <![CDATA[java.lang.AssertionError: expected [true] but found [false]
at TestNg.priority.A(priority.java:10)
at java.base/java.util.ArrayList.forEach(ArrayList.java:1511)
... Removed 29 stack frames]]>
    </failure>
  </testcase> <!-- A -->
  <testcase classname="TestNg.priority" name="B" time="0.003"/>
  <testcase classname="TestNg.priority" name="B" time="0.002"/>
  <testcase classname="TestNg.priority" name="B" time="0.005"/>
  <testcase classname="TestNg.priority" name="D" time="0.0">
    <skipped/>
  </testcase> <!-- D -->
  <testcase classname="TestNg.priority" name="C" time="0.0">
    <ignored/>
  </testcase> <!-- C -->
</testsuite> <!-- Test -->
